<?xml version="1.0" encoding="UTF-8"?>
<!-- Generated by org.testng.reporters.JUnitXMLReporter -->
<testsuite ignored="0" hostname="ZSCHN01LP0426" failures="0" tests="5" name="Test" time="50.006" errors="0" timestamp="2023-07-27T13:23:28 IST">
  <testcase classname="orangeHRMS.TestScript" name="applicationInitialization" time="17.019"/>
  <testcase classname="orangeHRMS.TestScript" name="enteringLoginCredentials" time="1.654"/>
  <testcase classname="orangeHRMS.TestScript" name="addingAdminUser" time="16.269"/>
  <testcase classname="orangeHRMS.TestScript" name="addingPIMUser" time="8.907"/>
  <testcase classname="orangeHRMS.TestScript" name="addingBuzzNewsFeed" time="2.169"/>
</testsuite> <!-- Test -->
